<?xml version="1.0" encoding="utf-8"?><testsuites name="pytest tests"><testsuite name="pytest" errors="0" failures="0" skipped="0" tests="18" time="3.423" timestamp="2026-07-18T07:23:30.946571+00:00" hostname="agent-env-6a53badf-1c97-450d-b3b9-0ddbe79fa57c"><testcase classname="tests.test_garuda_backend.TestAuth" name="test_login_success_sets_cookies" time="0.264" /><testcase classname="tests.test_garuda_backend.TestAuth" name="test_login_wrong_password_401" time="0.177" /><testcase classname="tests.test_garuda_backend.TestAuth" name="test_me_without_cookie_401" time="0.096" /><testcase classname="tests.test_garuda_backend.TestAuth" name="test_me_with_cookie" time="0.289" /><testcase classname="tests.test_garuda_backend.TestAuth" name="test_register_new_and_duplicate" time="0.273" /><testcase classname="tests.test_garuda_backend.TestDashboard" name="test_summary" time="0.061" /><testcase classname="tests.test_garuda_backend.TestDashboard" name="test_revenue_analytics" time="0.061" /><testcase classname="tests.test_garuda_backend.TestOpportunities" name="test_list_has_seeded" time="0.052" /><testcase classname="tests.test_garuda_backend.TestOpportunities" name="test_create_update_delete_flow" time="0.360" /><testcase classname="tests.test_garuda_backend.TestTasks" name="test_list_seeded" time="0.048" /><testcase classname="tests.test_garuda_backend.TestTasks" name="test_task_crud_and_completion" time="0.199" /><testcase classname="tests.test_garuda_backend.TestRevenue" name="test_list_seeded" time="0.049" /><testcase classname="tests.test_garuda_backend.TestRevenue" name="test_revenue_create_updates_dashboard_total" time="0.262" /><testcase classname="tests.test_garuda_backend.TestActivity" name="test_reverse_chronological" time="0.050" /><testcase classname="tests.test_garuda_backend.TestNotifications" name="test_list_and_mark" time="0.195" /><testcase classname="tests.test_garuda_backend.TestSettings" name="test_profile_update" time="0.049" /><testcase classname="tests.test_garuda_backend.TestSettings" name="test_change_password_wrong_current" time="0.123" /><testcase classname="tests.test_garuda_backend.TestSettings" name="test_change_password_correct_flow" time="0.731" /></testsuite></testsuites>